<?xml version="1.0" encoding="UTF-8"?>
<robot generator="Robot 3.1.2 (Python 3.8.0 on win32)" generated="20191027 16:27:03.878" rpa="false">
<suite id="s1" name="Workshop-Day-1" source="C:\Users\TANAPON.LOJJANATUPPA\eclipse-workspace\Workshop-Day-1">
<suite id="s1-s1" name="Demo Variable" source="C:\Users\TANAPON.LOJJANATUPPA\eclipse-workspace\Workshop-Day-1\Demo_Variable.robot">
<test id="s1-s1-t1" name="Demo Scalar">
<kw name="Set Variable" library="BuiltIn">
<doc>Returns the given values which can then be assigned to a variables.</doc>
<arguments>
<arg>อาม่า</arg>
</arguments>
<assign>
<var>${username}</var>
</assign>
<msg timestamp="20191027 16:27:03.910" level="INFO">${username} = อาม่า</msg>
<status status="PASS" starttime="20191027 16:27:03.909" endtime="20191027 16:27:03.910"></status>
</kw>
<kw name="Set Variable" library="BuiltIn">
<doc>Returns the given values which can then be assigned to a variables.</doc>
<arguments>
<arg>Doe</arg>
</arguments>
<assign>
<var>${password}</var>
</assign>
<msg timestamp="20191027 16:27:03.911" level="INFO">${password} = Doe</msg>
<status status="PASS" starttime="20191027 16:27:03.910" endtime="20191027 16:27:03.911"></status>
</kw>
<kw name="Log" library="BuiltIn">
<doc>Logs the given message with the given level.</doc>
<arguments>
<arg>Hello ${username} and ${password}</arg>
</arguments>
<msg timestamp="20191027 16:27:03.912" level="INFO">Hello อาม่า and Doe</msg>
<status status="PASS" starttime="20191027 16:27:03.911" endtime="20191027 16:27:03.912"></status>
</kw>
<kw name="Log" library="BuiltIn">
<doc>Logs the given message with the given level.</doc>
<arguments>
<arg>Hi ${username}</arg>
</arguments>
<msg timestamp="20191027 16:27:03.912" level="INFO">Hi อาม่า</msg>
<status status="PASS" starttime="20191027 16:27:03.912" endtime="20191027 16:27:03.912"></status>
</kw>
<kw name="Set Variable" library="BuiltIn">
<doc>Returns the given values which can then be assigned to a variables.</doc>
<arguments>
<arg>Mr.J</arg>
</arguments>
<assign>
<var>${nickname}</var>
</assign>
<msg timestamp="20191027 16:27:03.913" level="INFO">${nickname} = Mr.J</msg>
<status status="PASS" starttime="20191027 16:27:03.913" endtime="20191027 16:27:03.913"></status>
</kw>
<status status="PASS" starttime="20191027 16:27:03.909" endtime="20191027 16:27:03.913" critical="yes"></status>
</test>
<test id="s1-s1-t2" name="Demo List">
<kw name="Create List" library="BuiltIn">
<doc>Returns a list containing given items.</doc>
<arguments>
<arg>Iphone11</arg>
<arg>Android 12</arg>
<arg>Window phone</arg>
</arguments>
<assign>
<var>@{product names}</var>
</assign>
<msg timestamp="20191027 16:27:03.916" level="INFO">@{product names} = [ Iphone11 | Android 12 | Window phone ]</msg>
<status status="PASS" starttime="20191027 16:27:03.915" endtime="20191027 16:27:03.916"></status>
</kw>
<kw name="Log Many" library="BuiltIn">
<doc>Logs the given messages as separate entries using the INFO level.</doc>
<arguments>
<arg>@{product names}</arg>
</arguments>
<msg timestamp="20191027 16:27:03.916" level="INFO">Iphone11</msg>
<msg timestamp="20191027 16:27:03.916" level="INFO">Android 12</msg>
<msg timestamp="20191027 16:27:03.916" level="INFO">Window phone</msg>
<status status="PASS" starttime="20191027 16:27:03.916" endtime="20191027 16:27:03.916"></status>
</kw>
<kw name="Log" library="BuiltIn">
<doc>Logs the given message with the given level.</doc>
<arguments>
<arg>${product names[1]}</arg>
</arguments>
<msg timestamp="20191027 16:27:03.917" level="INFO">Android 12</msg>
<status status="PASS" starttime="20191027 16:27:03.917" endtime="20191027 16:27:03.917"></status>
</kw>
<status status="PASS" starttime="20191027 16:27:03.915" endtime="20191027 16:27:03.917" critical="yes"></status>
</test>
<test id="s1-s1-t3" name="Demo Dictionary">
<kw name="Create Dictionary" library="BuiltIn">
<doc>Creates and returns a dictionary based on the given ``items``.</doc>
<arguments>
<arg>username=john</arg>
<arg>password=Welcome1</arg>
</arguments>
<assign>
<var>&amp;{user1}</var>
</assign>
<msg timestamp="20191027 16:27:03.919" level="INFO">&amp;{user1} = { username=john | password=Welcome1 }</msg>
<status status="PASS" starttime="20191027 16:27:03.919" endtime="20191027 16:27:03.919"></status>
</kw>
<kw name="Create Dictionary" library="BuiltIn">
<doc>Creates and returns a dictionary based on the given ``items``.</doc>
<arguments>
<arg>username=mary</arg>
<arg>password=Welcome2</arg>
</arguments>
<assign>
<var>&amp;{user2}</var>
</assign>
<msg timestamp="20191027 16:27:03.920" level="INFO">&amp;{user2} = { username=mary | password=Welcome2 }</msg>
<status status="PASS" starttime="20191027 16:27:03.919" endtime="20191027 16:27:03.920"></status>
</kw>
<kw name="Log" library="BuiltIn">
<doc>Logs the given message with the given level.</doc>
<arguments>
<arg>${user1.username}</arg>
</arguments>
<msg timestamp="20191027 16:27:03.921" level="INFO">john</msg>
<status status="PASS" starttime="20191027 16:27:03.921" endtime="20191027 16:27:03.921"></status>
</kw>
<kw name="Log" library="BuiltIn">
<doc>Logs the given message with the given level.</doc>
<arguments>
<arg>${user2.password}</arg>
</arguments>
<msg timestamp="20191027 16:27:03.922" level="INFO">Welcome2</msg>
<status status="PASS" starttime="20191027 16:27:03.921" endtime="20191027 16:27:03.922"></status>
</kw>
<status status="PASS" starttime="20191027 16:27:03.918" endtime="20191027 16:27:03.922" critical="yes"></status>
</test>
<test id="s1-s1-t4" name="Demo set keywords">
<kw name="Set Variable" library="BuiltIn">
<doc>Returns the given values which can then be assigned to a variables.</doc>
<arguments>
<arg>Hello, world!</arg>
</arguments>
<assign>
<var>${hi}</var>
</assign>
<msg timestamp="20191027 16:27:03.924" level="INFO">${hi} = Hello, world!</msg>
<status status="PASS" starttime="20191027 16:27:03.924" endtime="20191027 16:27:03.924"></status>
</kw>
<kw name="Set Variable" library="BuiltIn">
<doc>Returns the given values which can then be assigned to a variables.</doc>
<arguments>
<arg>I said:</arg>
<arg>${hi}</arg>
</arguments>
<assign>
<var>${hi2}</var>
</assign>
<msg timestamp="20191027 16:27:03.925" level="INFO">${hi2} = ['I said:', 'Hello, world!']</msg>
<status status="PASS" starttime="20191027 16:27:03.925" endtime="20191027 16:27:03.925"></status>
</kw>
<kw name="Set Variable" library="BuiltIn">
<doc>Returns the given values which can then be assigned to a variables.</doc>
<arguments>
<arg>Hello world</arg>
</arguments>
<assign>
<var>${var1}</var>
<var>${var2}</var>
</assign>
<msg timestamp="20191027 16:27:03.925" level="FAIL">Cannot set variables: Expected list-like value, got string.</msg>
<status status="FAIL" starttime="20191027 16:27:03.925" endtime="20191027 16:27:03.925"></status>
</kw>
<status status="FAIL" starttime="20191027 16:27:03.923" endtime="20191027 16:27:03.925" critical="yes">Cannot set variables: Expected list-like value, got string.</status>
</test>
<status status="FAIL" starttime="20191027 16:27:03.906" endtime="20191027 16:27:03.928"></status>
</suite>
<status status="FAIL" starttime="20191027 16:27:03.880" endtime="20191027 16:27:03.931"></status>
</suite>
<statistics>
<total>
<stat pass="3" fail="1">Critical Tests</stat>
<stat pass="3" fail="1">All Tests</stat>
</total>
<tag>
</tag>
<suite>
<stat pass="3" fail="1" id="s1" name="Workshop-Day-1">Workshop-Day-1</stat>
<stat pass="3" fail="1" id="s1-s1" name="Demo Variable">Workshop-Day-1.Demo Variable</stat>
</suite>
</statistics>
<errors>
</errors>
</robot>
